0 info it worked if it ends with ok
1 verbose cli [ '/usr/local/bin/node',
1 verbose cli   '/Users/macbookair/.npm-packages/bin/npm',
1 verbose cli   'start' ]
2 info using npm@3.10.6
3 info using node@v4.4.0
4 verbose run-script [ 'prestart', 'start', 'poststart' ]
5 info lifecycle passport-google-oauths@0.0.0~prestart: passport-google-oauths@0.0.0
6 silly lifecycle passport-google-oauths@0.0.0~prestart: no script for prestart, continuing
7 info lifecycle passport-google-oauths@0.0.0~start: passport-google-oauths@0.0.0
8 verbose lifecycle passport-google-oauths@0.0.0~start: unsafe-perm in lifecycle true
9 verbose lifecycle passport-google-oauths@0.0.0~start: PATH: /Users/macbookair/.npm-packages/lib/node_modules/npm/bin/node-gyp-bin:/Users/macbookair/Desktop/passport-google-oauth/node_modules/.bin:/Users/macbookair/.npm-packages/bin:/usr/local/heroku/bin:/usr/local/bin:/usr/local/sbin:~/bin:/Users/macbookair/.rbenv/bin:/Users/macbookair/.rbenv/shims:/usr/local/bin:/usr/bin:/bin:/usr/sbin:/sbin
10 verbose lifecycle passport-google-oauths@0.0.0~start: CWD: /Users/macbookair/Desktop/passport-google-oauth
11 silly lifecycle passport-google-oauths@0.0.0~start: Args: [ '-c', 'node ./bin/www' ]
12 silly lifecycle passport-google-oauths@0.0.0~start: Returned: code: 1  signal: null
13 info lifecycle passport-google-oauths@0.0.0~start: Failed to exec start script
14 verbose stack Error: passport-google-oauths@0.0.0 start: `node ./bin/www`
14 verbose stack Exit status 1
14 verbose stack     at EventEmitter.<anonymous> (/Users/macbookair/.npm-packages/lib/node_modules/npm/lib/utils/lifecycle.js:255:16)
14 verbose stack     at emitTwo (events.js:87:13)
14 verbose stack     at EventEmitter.emit (events.js:172:7)
14 verbose stack     at ChildProcess.<anonymous> (/Users/macbookair/.npm-packages/lib/node_modules/npm/lib/utils/spawn.js:40:14)
14 verbose stack     at emitTwo (events.js:87:13)
14 verbose stack     at ChildProcess.emit (events.js:172:7)
14 verbose stack     at maybeClose (internal/child_process.js:827:16)
14 verbose stack     at Process.ChildProcess._handle.onexit (internal/child_process.js:211:5)
15 verbose pkgid passport-google-oauths@0.0.0
16 verbose cwd /Users/macbookair/Desktop/passport-google-oauth
17 error Darwin 16.1.0
18 error argv "/usr/local/bin/node" "/Users/macbookair/.npm-packages/bin/npm" "start"
19 error node v4.4.0
20 error npm  v3.10.6
21 error code ELIFECYCLE
22 error passport-google-oauths@0.0.0 start: `node ./bin/www`
22 error Exit status 1
23 error Failed at the passport-google-oauths@0.0.0 start script 'node ./bin/www'.
23 error Make sure you have the latest version of node.js and npm installed.
23 error If you do, this is most likely a problem with the passport-google-oauths package,
23 error not with npm itself.
23 error Tell the author that this fails on your system:
23 error     node ./bin/www
23 error You can get information on how to open an issue for this project with:
23 error     npm bugs passport-google-oauths
23 error Or if that isn't available, you can get their info via:
23 error     npm owner ls passport-google-oauths
23 error There is likely additional logging output above.
24 verbose exit [ 1, true ]
